<?xml version="1.0" encoding="UTF-8"?>
<testng-results ignored="0" total="2" passed="2" failed="0" skipped="0">
  <reporter-output>
  </reporter-output>
  <suite started-at="2022-12-21T15:29:00 CST" name="Suite" finished-at="2022-12-21T15:29:40 CST" duration-ms="39697">
    <groups>
    </groups>
    <test started-at="2022-12-21T15:29:00 CST" name="Test" finished-at="2022-12-21T15:29:40 CST" duration-ms="39697">
      <class name="Sprint1.ImbdTest.ImbdTest">
        <test-method is-config="true" signature="setUP()[pri:0, instance:Sprint1.ImbdTest.ImbdTest@173ed316]" started-at="2022-12-21T15:29:01 CST" name="setUP" finished-at="2022-12-21T15:29:09 CST" duration-ms="8486" status="PASS">
          <reporter-output>
          </reporter-output>
        </test-method> <!-- setUP -->
        <test-method signature="testCase1()[pri:0, instance:Sprint1.ImbdTest.ImbdTest@173ed316]" started-at="2022-12-21T15:29:09 CST" name="testCase1" finished-at="2022-12-21T15:29:35 CST" duration-ms="25414" status="PASS">
          <reporter-output>
          </reporter-output>
        </test-method> <!-- testCase1 -->
        <test-method signature="testCase2()[pri:0, instance:Sprint1.ImbdTest.ImbdTest@173ed316]" started-at="2022-12-21T15:29:35 CST" name="testCase2" finished-at="2022-12-21T15:29:40 CST" duration-ms="5635" status="PASS">
          <reporter-output>
          </reporter-output>
        </test-method> <!-- testCase2 -->
      </class> <!-- Sprint1.ImbdTest.ImbdTest -->
    </test> <!-- Test -->
  </suite> <!-- Suite -->
</testng-results>
