<?xml version="1.0" encoding="UTF-8"?>
<testng-results ignored="0" total="2" passed="2" failed="0" skipped="0">
  <reporter-output>
  </reporter-output>
  <suite started-at="2022-12-26T17:52:45 CST" name="Default suite" finished-at="2022-12-26T17:53:19 CST" duration-ms="33878">
    <groups>
    </groups>
    <test started-at="2022-12-26T17:52:45 CST" name="Default test" finished-at="2022-12-26T17:53:19 CST" duration-ms="33878">
      <class name="Sprint1.ImbdTest.ImbdTest">
        <test-method is-config="true" signature="setUP()[pri:0, instance:Sprint1.ImbdTest.ImbdTest@74ea2410]" started-at="2022-12-26T17:52:45 CST" name="setUP" finished-at="2022-12-26T17:52:51 CST" duration-ms="6580" status="PASS">
          <reporter-output>
          </reporter-output>
        </test-method> <!-- setUP -->
        <test-method signature="testCase1()[pri:0, instance:Sprint1.ImbdTest.ImbdTest@74ea2410]" started-at="2022-12-26T17:52:51 CST" name="testCase1" finished-at="2022-12-26T17:53:14 CST" duration-ms="22447" status="PASS">
          <reporter-output>
          </reporter-output>
        </test-method> <!-- testCase1 -->
        <test-method signature="testCase2()[pri:0, instance:Sprint1.ImbdTest.ImbdTest@74ea2410]" started-at="2022-12-26T17:53:14 CST" name="testCase2" finished-at="2022-12-26T17:53:18 CST" duration-ms="4254" status="PASS">
          <reporter-output>
          </reporter-output>
        </test-method> <!-- testCase2 -->
        <test-method is-config="true" signature="tearDown()[pri:0, instance:Sprint1.ImbdTest.ImbdTest@74ea2410]" started-at="2022-12-26T17:53:18 CST" name="tearDown" finished-at="2022-12-26T17:53:19 CST" duration-ms="498" status="PASS">
          <reporter-output>
          </reporter-output>
        </test-method> <!-- tearDown -->
      </class> <!-- Sprint1.ImbdTest.ImbdTest -->
    </test> <!-- Default test -->
  </suite> <!-- Default suite -->
</testng-results>
